<?xml version="1.0" encoding="UTF-8"?>
<!-- Generated by org.testng.reporters.JUnitReportReporter -->
<testsuite hostname="LAPTOP-CFNR1QK5" failures="0" tests="1" name="TestCases.LoginTestCase" time="14.355" errors="0" timestamp="2024-05-19T17:52:08 IST" skipped="0">
  <testcase classname="TestCases.LoginTestCase" name="VerifyLoginEmptyData" time="14.355"/>
  <system-out/>
</testsuite> <!-- TestCases.LoginTestCase -->
