<?xml version="1.0" encoding="UTF-8"?>
<!-- Generated by org.testng.reporters.JUnitReportReporter -->
<testsuite hostname="LAPTOP-CFNR1QK5" failures="0" tests="1" name="TestCases.AddToCart" time="11.210" errors="0" timestamp="2024-05-29T17:55:00 IST" skipped="0">
  <testcase classname="TestCases.AddToCart" name="CartDataCostComper" time="11.210"/>
  <system-out/>
</testsuite> <!-- TestCases.AddToCart -->
