<?xml version="1.0" encoding="UTF-8"?>
<!-- Generated by org.testng.reporters.JUnitReportReporter -->
<testsuite hostname="LAPTOP-CFNR1QK5" failures="0" tests="3" name="TestCases.LoginTestCase" time="10.562" errors="0" timestamp="2024-05-22T12:02:40 IST" skipped="2">
  <testcase classname="TestCases.LoginTestCase" name="VerifyLoginValidData" time="10.562"/>
  <system-out/>
  <testcase classname="TestCases.LoginTestCase" name="VerifyLoginEmptyData">
    <skipped/>
  </testcase> <!-- VerifyLoginEmptyData -->
  <system-out/>
  <testcase classname="TestCases.LoginTestCase" name="VerifyLoginInValidData">
    <skipped/>
  </testcase> <!-- VerifyLoginInValidData -->
  <system-out/>
</testsuite> <!-- TestCases.LoginTestCase -->
