<?xml version="1.0" encoding="UTF-8"?>
<!-- Generated by org.testng.reporters.JUnitReportReporter -->
<testsuite hostname="LAPTOP-CFNR1QK5" failures="0" tests="3" name="TestCases.RegisterTest" time="77.187" errors="0" timestamp="2024-05-19T13:21:35 IST" skipped="0">
  <testcase classname="TestCases.RegisterTest" name="VerifyRegsiterValidData" time="21.582"/>
  <system-out/>
  <testcase classname="TestCases.RegisterTest" name="VerifyRegsiterInvalidData" time="27.325"/>
  <system-out/>
  <testcase classname="TestCases.RegisterTest" name="VerifyRegsiterEmptyData" time="28.280"/>
  <system-out/>
</testsuite> <!-- TestCases.RegisterTest -->
