<?xml version="1.0" encoding="UTF-8"?>
<!-- Generated by org.testng.reporters.JUnitReportReporter -->
<testsuite hostname="LAPTOP-CFNR1QK5" failures="0" tests="1" name="TestCases.Homepage" time="7.805" errors="0" timestamp="2024-05-14T13:07:32 IST" skipped="0">
  <testcase classname="TestCases.Homepage" name="OpenRegister" time="7.805"/>
  <system-out/>
</testsuite> <!-- TestCases.Homepage -->
