<?xml version="1.0" encoding="UTF-8"?>
<!-- Generated by org.testng.reporters.JUnitReportReporter -->
<testsuite hostname="LAPTOP-CFNR1QK5" failures="0" tests="3" name="TestCases.RegisterTest" time="12.553" errors="0" timestamp="2024-05-22T12:02:40 IST" skipped="2">
  <testcase classname="TestCases.RegisterTest" name="VerifyRegsiterValidData" time="12.553"/>
  <system-out/>
  <testcase classname="TestCases.RegisterTest" name="VerifyRegsiterInvalidData">
    <skipped/>
  </testcase> <!-- VerifyRegsiterInvalidData -->
  <system-out/>
  <testcase classname="TestCases.RegisterTest" name="VerifyRegsiterEmptyData">
    <skipped/>
  </testcase> <!-- VerifyRegsiterEmptyData -->
  <system-out/>
</testsuite> <!-- TestCases.RegisterTest -->
